<?xml version="1.0" encoding="UTF-8"?>
<!-- Generated by org.testng.reporters.JUnitReportReporter -->
<testsuite skipped="2" hostname="GLTPM-W085" name="test.createsurvey.addGRS_Dislike" tests="2" failures="0" timestamp="23 Jan 2019 14:15:34 GMT" time="0.000" errors="0">
  <testcase name="clickGRS_Dislike" time="0.000" classname="test.createsurvey.addGRS_Dislike">
    <skipped/>
  </testcase> <!-- clickGRS_Dislike -->
  <testcase name="addGRS_Dislike" time="0.000" classname="test.createsurvey.addGRS_Dislike">
    <skipped/>
  </testcase> <!-- addGRS_Dislike -->
</testsuite> <!-- test.createsurvey.addGRS_Dislike -->
