<?xml version="1.0" encoding="UTF-8"?>
<!-- Generated by org.testng.reporters.JUnitReportReporter -->
<testsuite skipped="2" hostname="GLTPM-W085" name="test.createsurvey.addFileUpload" tests="2" failures="0" timestamp="21 Jan 2019 10:07:59 GMT" time="0.000" errors="0">
  <testcase name="clickFileUpload" time="0.000" classname="test.createsurvey.addFileUpload">
    <skipped/>
  </testcase> <!-- clickFileUpload -->
  <testcase name="addFile" time="0.000" classname="test.createsurvey.addFileUpload">
    <skipped/>
  </testcase> <!-- addFile -->
</testsuite> <!-- test.createsurvey.addFileUpload -->
