<?xml version="1.0" encoding="UTF-8"?>
<!-- Generated by org.testng.reporters.JUnitReportReporter -->
<testsuite skipped="2" hostname="GLTPM-W085" name="test.createsurvey.addSingleText" tests="2" failures="0" timestamp="23 Jan 2019 14:15:34 GMT" time="0.000" errors="0">
  <testcase name="addSingleText" time="0.000" classname="test.createsurvey.addSingleText">
    <skipped/>
  </testcase> <!-- addSingleText -->
  <testcase name="clickSingleText" time="0.000" classname="test.createsurvey.addSingleText">
    <skipped/>
  </testcase> <!-- clickSingleText -->
</testsuite> <!-- test.createsurvey.addSingleText -->
