<?xml version="1.0" encoding="UTF-8"?>
<!-- Generated by org.testng.reporters.JUnitReportReporter -->
<testsuite skipped="0" hostname="GLTPM-W085" name="test.createsurvey.T6enterSingleChoiceOptionsTest" tests="1" failures="0" timestamp="05 Dec 2018 12:49:07 GMT" time="11.721" errors="0">
  <testcase name="enterTextforSC" time="11.721" classname="test.createsurvey.T6enterSingleChoiceOptionsTest"/>
</testsuite> <!-- test.createsurvey.T6enterSingleChoiceOptionsTest -->
