<?xml version="1.0" encoding="UTF-8"?>
<!-- Generated by org.testng.reporters.JUnitReportReporter -->
<testsuite skipped="0" hostname="GLTPM-W085" name="test.createsurvey.T4clickStartTabTest" tests="1" failures="0" timestamp="07 Dec 2018 05:33:56 GMT" time="5.857" errors="0">
  <testcase name="clickStartButton" time="5.857" classname="test.createsurvey.T4clickStartTabTest"/>
</testsuite> <!-- test.createsurvey.T4clickStartTabTest -->
