<?xml version="1.0" encoding="UTF-8"?>
<!-- Generated by org.testng.reporters.JUnitReportReporter -->
<testsuite skipped="2" hostname="GLTPM-W085" name="test.createsurvey.addMultiChoice" tests="2" failures="0" timestamp="21 Jan 2019 10:07:58 GMT" time="0.000" errors="0">
  <testcase name="clickMultiChoice" time="0.000" classname="test.createsurvey.addMultiChoice">
    <skipped/>
  </testcase> <!-- clickMultiChoice -->
  <testcase name="addMultiChoice" time="0.000" classname="test.createsurvey.addMultiChoice">
    <skipped/>
  </testcase> <!-- addMultiChoice -->
</testsuite> <!-- test.createsurvey.addMultiChoice -->
