<?xml version="1.0" encoding="UTF-8"?>
<!-- Generated by org.testng.reporters.JUnitReportReporter -->
<testsuite skipped="0" hostname="GLTPM-W085" name="TestPackage.tryClass" tests="1" failures="0" timestamp="22 Jan 2019 14:16:23 GMT" time="0.300" errors="0">
  <testcase name="test1" time="0.300" classname="TestPackage.tryClass"/>
</testsuite> <!-- TestPackage.tryClass -->
