<?xml version="1.0" encoding="UTF-8"?>
<!-- Generated by org.testng.reporters.JUnitReportReporter -->
<testsuite skipped="0" hostname="GLTPM-W085" name="test.createsurvey.zTempTest" tests="1" failures="0" timestamp="09 Dec 2018 09:40:46 GMT" time="39.103" errors="0">
  <testcase name="tempTest" time="39.103" classname="test.createsurvey.zTempTest"/>
</testsuite> <!-- test.createsurvey.zTempTest -->
