<?xml version="1.0" encoding="UTF-8"?>
<!-- Generated by org.testng.reporters.JUnitReportReporter -->
<testsuite skipped="0" hostname="GLTPM-W085" name="test.createsurvey.startTest" tests="1" failures="0" timestamp="23 Jan 2019 14:15:34 GMT" time="0.009" errors="0">
  <testcase name="test1" time="0.009" classname="test.createsurvey.startTest"/>
</testsuite> <!-- test.createsurvey.startTest -->
