<?xml version="1.0" encoding="UTF-8"?>
<!-- Generated by org.testng.reporters.JUnitReportReporter -->
<testsuite skipped="2" hostname="GLTPM-W085" name="test.createsurvey.addMultiText" tests="2" failures="0" timestamp="21 Jan 2019 10:07:58 GMT" time="0.000" errors="0">
  <testcase name="clickMultiText" time="0.000" classname="test.createsurvey.addMultiText">
    <skipped/>
  </testcase> <!-- clickMultiText -->
  <testcase name="addMultiText" time="0.000" classname="test.createsurvey.addMultiText">
    <skipped/>
  </testcase> <!-- addMultiText -->
</testsuite> <!-- test.createsurvey.addMultiText -->
