<?xml version="1.0" encoding="UTF-8"?>
<!-- Generated by org.testng.reporters.JUnitReportReporter -->
<testsuite skipped="2" hostname="GLTPM-W085" name="test.createsurvey.addDropdown" tests="2" failures="0" timestamp="21 Jan 2019 10:07:59 GMT" time="0.000" errors="0">
  <testcase name="addDropdown" time="0.000" classname="test.createsurvey.addDropdown">
    <skipped/>
  </testcase> <!-- addDropdown -->
  <testcase name="clickDropdownText" time="0.000" classname="test.createsurvey.addDropdown">
    <skipped/>
  </testcase> <!-- clickDropdownText -->
</testsuite> <!-- test.createsurvey.addDropdown -->
