<?xml version="1.0" encoding="UTF-8"?>
<!-- Generated by org.testng.reporters.JUnitReportReporter -->
<testsuite skipped="0" hostname="GLTPM-W085" name="test.createsurvey.enterMultiChoiceOptionsTest" tests="1" failures="0" timestamp="30 Nov 2018 09:56:34 GMT" time="11.178" errors="0">
  <testcase name="enterMultiChoiceOption" time="11.178" classname="test.createsurvey.enterMultiChoiceOptionsTest"/>
</testsuite> <!-- test.createsurvey.enterMultiChoiceOptionsTest -->
