<?xml version="1.0" encoding="UTF-8"?>
<!-- Generated by org.testng.reporters.JUnitReportReporter -->
<testsuite skipped="2" hostname="GLTPM-W085" name="test.createsurvey.addMRS_Dropdown" tests="2" failures="0" timestamp="21 Jan 2019 10:07:59 GMT" time="0.000" errors="0">
  <testcase name="addMRS_DropdownData" time="0.000" classname="test.createsurvey.addMRS_Dropdown">
    <skipped/>
  </testcase> <!-- addMRS_DropdownData -->
  <testcase name="clickMRS_dropdown" time="0.000" classname="test.createsurvey.addMRS_Dropdown">
    <skipped/>
  </testcase> <!-- clickMRS_dropdown -->
</testsuite> <!-- test.createsurvey.addMRS_Dropdown -->
