<?xml version="1.0" encoding="UTF-8"?>
<!-- Generated by org.testng.reporters.JUnitReportReporter -->
<testsuite skipped="0" hostname="GLTPM-W085" name="test.createsurvey.T3startFromScratchTest" tests="1" failures="0" timestamp="07 Dec 2018 05:33:56 GMT" time="10.782" errors="0">
  <testcase name="enterSurveyNamAndCreate" time="10.782" classname="test.createsurvey.T3startFromScratchTest"/>
</testsuite> <!-- test.createsurvey.T3startFromScratchTest -->
