<?xml version="1.0" encoding="UTF-8"?>
<!-- Generated by org.testng.reporters.JUnitReportReporter -->
<testsuite skipped="2" hostname="GLTPM-W085" name="test.createsurvey.addGRS_Gift" tests="2" failures="0" timestamp="21 Jan 2019 10:07:59 GMT" time="0.000" errors="0">
  <testcase name="clickGRS_Gift" time="0.000" classname="test.createsurvey.addGRS_Gift">
    <skipped/>
  </testcase> <!-- clickGRS_Gift -->
  <testcase name="addGRS_Gift" time="0.000" classname="test.createsurvey.addGRS_Gift">
    <skipped/>
  </testcase> <!-- addGRS_Gift -->
</testsuite> <!-- test.createsurvey.addGRS_Gift -->
