<?xml version="1.0" encoding="UTF-8"?>
<!-- Generated by org.testng.reporters.JUnitReportReporter -->
<testsuite skipped="2" hostname="GLTPM-W085" name="test.createsurvey.addMRSText" tests="2" failures="0" timestamp="21 Jan 2019 10:07:58 GMT" time="0.000" errors="0">
  <testcase name="clickMRS_Text" time="0.000" classname="test.createsurvey.addMRSText">
    <skipped/>
  </testcase> <!-- clickMRS_Text -->
  <testcase name="addMRS_TextData" time="0.000" classname="test.createsurvey.addMRSText">
    <skipped/>
  </testcase> <!-- addMRS_TextData -->
</testsuite> <!-- test.createsurvey.addMRSText -->
