<?xml version="1.0" encoding="UTF-8"?>
<!-- Generated by org.testng.reporters.JUnitReportReporter -->
<testsuite skipped="0" hostname="GLTPM-W085" name="test.createsurvey.startFromScratchTest" tests="1" failures="0" timestamp="05 Dec 2018 07:45:32 GMT" time="10.755" errors="0">
  <testcase name="enterSurveyNamAndCreate" time="10.755" classname="test.createsurvey.startFromScratchTest"/>
</testsuite> <!-- test.createsurvey.startFromScratchTest -->
