<?xml version="1.0" encoding="UTF-8"?>
<!-- Generated by org.testng.reporters.JUnitReportReporter -->
<testsuite skipped="0" hostname="GLTPM-W085" name="test.createsurvey.addGRS_Hearts" tests="2" failures="0" timestamp="12 Dec 2018 09:49:50 GMT" time="16.649" errors="0">
  <testcase name="addGRS_TextData" time="13.671" classname="test.createsurvey.addGRS_Hearts"/>
  <testcase name="clickGRS_Hearts" time="2.978" classname="test.createsurvey.addGRS_Hearts"/>
</testsuite> <!-- test.createsurvey.addGRS_Hearts -->
