<?xml version="1.0" encoding="UTF-8"?>
<!-- Generated by org.testng.reporters.JUnitReportReporter -->
<testsuite skipped="2" hostname="GLTPM-W085" name="test.createsurvey.addGRS_Stars" tests="2" failures="0" timestamp="21 Jan 2019 10:07:59 GMT" time="0.000" errors="0">
  <testcase name="addGRS_TextData" time="0.000" classname="test.createsurvey.addGRS_Stars">
    <skipped/>
  </testcase> <!-- addGRS_TextData -->
  <testcase name="clickGRS_Starts" time="0.000" classname="test.createsurvey.addGRS_Stars">
    <skipped/>
  </testcase> <!-- clickGRS_Starts -->
</testsuite> <!-- test.createsurvey.addGRS_Stars -->
