<?xml version="1.0" encoding="UTF-8"?>
<!-- Generated by org.testng.reporters.JUnitReportReporter -->
<testsuite skipped="2" hostname="GLTPM-W085" name="test.createsurvey.addMRS_SC" tests="2" failures="0" timestamp="21 Jan 2019 10:07:59 GMT" time="0.000" errors="0">
  <testcase name="clickMRS_SC" time="0.000" classname="test.createsurvey.addMRS_SC">
    <skipped/>
  </testcase> <!-- clickMRS_SC -->
  <testcase name="addMRS_Data" time="0.000" classname="test.createsurvey.addMRS_SC">
    <skipped/>
  </testcase> <!-- addMRS_Data -->
</testsuite> <!-- test.createsurvey.addMRS_SC -->
