<?xml version="1.0" encoding="UTF-8"?>
<!-- Generated by org.testng.reporters.JUnitReportReporter -->
<testsuite skipped="2" hostname="GLTPM-W085" name="test.createsurvey.addDateTime" tests="2" failures="0" timestamp="21 Jan 2019 10:07:58 GMT" time="0.000" errors="0">
  <testcase name="addDatetime" time="0.000" classname="test.createsurvey.addDateTime">
    <skipped/>
  </testcase> <!-- addDatetime -->
  <testcase name="clickDateTime" time="0.000" classname="test.createsurvey.addDateTime">
    <skipped/>
  </testcase> <!-- clickDateTime -->
</testsuite> <!-- test.createsurvey.addDateTime -->
