<?xml version="1.0" encoding="UTF-8"?>
<!-- Generated by org.testng.reporters.JUnitReportReporter -->
<testsuite skipped="2" hostname="GLTPM-W085" name="test.createsurvey.addStatement" tests="2" failures="0" timestamp="21 Jan 2019 10:07:59 GMT" time="0.000" errors="0">
  <testcase name="addStatement" time="0.000" classname="test.createsurvey.addStatement">
    <skipped/>
  </testcase> <!-- addStatement -->
  <testcase name="clickStatement" time="0.000" classname="test.createsurvey.addStatement">
    <skipped/>
  </testcase> <!-- clickStatement -->
</testsuite> <!-- test.createsurvey.addStatement -->
