<?xml version="1.0" encoding="UTF-8"?>
<!-- Generated by org.testng.reporters.JUnitReportReporter -->
<testsuite skipped="0" hostname="GLTPM-W085" name="test.createsurvey.CreateSurveyTest" tests="1" failures="0" timestamp="05 Dec 2018 07:45:32 GMT" time="5.585" errors="0">
  <testcase name="clickOnCreateSurveyTab" time="5.585" classname="test.createsurvey.CreateSurveyTest"/>
</testsuite> <!-- test.createsurvey.CreateSurveyTest -->
