<?xml version="1.0" encoding="UTF-8"?>
<!-- Generated by org.testng.reporters.JUnitReportReporter -->
<testsuite skipped="2" hostname="GLTPM-W085" name="test.createsurvey.addRanking" tests="2" failures="0" timestamp="21 Jan 2019 10:07:58 GMT" time="0.000" errors="0">
  <testcase name="addRanking" time="0.000" classname="test.createsurvey.addRanking">
    <skipped/>
  </testcase> <!-- addRanking -->
  <testcase name="clickRanking" time="0.000" classname="test.createsurvey.addRanking">
    <skipped/>
  </testcase> <!-- clickRanking -->
</testsuite> <!-- test.createsurvey.addRanking -->
