<?xml version="1.0" encoding="UTF-8"?>
<!-- Generated by org.testng.reporters.JUnitReportReporter -->
<testsuite skipped="2" hostname="GLTPM-W085" name="test.createsurvey.addNPS_Emoji" tests="2" failures="0" timestamp="21 Jan 2019 10:07:59 GMT" time="0.001" errors="0">
  <testcase name="clickNPS" time="0.001" classname="test.createsurvey.addNPS_Emoji">
    <skipped/>
  </testcase> <!-- clickNPS -->
  <testcase name="addNPS" time="0.000" classname="test.createsurvey.addNPS_Emoji">
    <skipped/>
  </testcase> <!-- addNPS -->
</testsuite> <!-- test.createsurvey.addNPS_Emoji -->
