<?xml version="1.0" encoding="UTF-8"?>
<!-- Generated by org.testng.reporters.JUnitReportReporter -->
<testsuite skipped="2" hostname="GLTPM-W085" name="test.createsurvey.addGRS_Smileys" tests="2" failures="0" timestamp="21 Jan 2019 10:07:58 GMT" time="0.000" errors="0">
  <testcase name="clickGRS_Smileys" time="0.000" classname="test.createsurvey.addGRS_Smileys">
    <skipped/>
  </testcase> <!-- clickGRS_Smileys -->
  <testcase name="addGRS_Dislike" time="0.000" classname="test.createsurvey.addGRS_Smileys">
    <skipped/>
  </testcase> <!-- addGRS_Dislike -->
</testsuite> <!-- test.createsurvey.addGRS_Smileys -->
