<?xml version="1.0" encoding="UTF-8"?>
<!-- Generated by org.testng.reporters.JUnitReportReporter -->
<testsuite skipped="2" hostname="GLTPM-W085" name="test.createsurvey.addGRS_Slider" tests="2" failures="0" timestamp="21 Jan 2019 10:07:59 GMT" time="0.000" errors="0">
  <testcase name="addGRS_Dislike" time="0.000" classname="test.createsurvey.addGRS_Slider">
    <skipped/>
  </testcase> <!-- addGRS_Dislike -->
  <testcase name="clickGRS_Slider" time="0.000" classname="test.createsurvey.addGRS_Slider">
    <skipped/>
  </testcase> <!-- clickGRS_Slider -->
</testsuite> <!-- test.createsurvey.addGRS_Slider -->
