<?xml version="1.0" encoding="UTF-8"?>
<!-- Generated by org.testng.reporters.JUnitReportReporter -->
<testsuite skipped="0" hostname="GLTPM-W085" name="updateQuestionType.fromSingleChoiceToOther" tests="1" failures="0" timestamp="28 Jan 2019 13:53:10 GMT" time="172.987" errors="0">
  <testcase name="changeType" time="172.987" classname="updateQuestionType.fromSingleChoiceToOther"/>
</testsuite> <!-- updateQuestionType.fromSingleChoiceToOther -->
