<?xml version="1.0" encoding="UTF-8"?>
<!-- Generated by org.testng.reporters.JUnitReportReporter -->
<testsuite skipped="0" hostname="GLTPM-W085" name="test.createsurvey.clickStartTabTest" tests="1" failures="0" timestamp="05 Dec 2018 07:45:32 GMT" time="5.601" errors="0">
  <testcase name="clickStartButton" time="5.601" classname="test.createsurvey.clickStartTabTest"/>
</testsuite> <!-- test.createsurvey.clickStartTabTest -->
