<?xml version="1.0" encoding="UTF-8"?>
<!-- Generated by org.testng.reporters.JUnitReportReporter -->
<testsuite skipped="2" hostname="GLTPM-W085" name="test.createsurvey.addGRS_Trophy" tests="2" failures="0" timestamp="21 Jan 2019 10:07:59 GMT" time="0.000" errors="0">
  <testcase name="clickGRS_Trophy" time="0.000" classname="test.createsurvey.addGRS_Trophy">
    <skipped/>
  </testcase> <!-- clickGRS_Trophy -->
  <testcase name="addGRS_Trophy" time="0.000" classname="test.createsurvey.addGRS_Trophy">
    <skipped/>
  </testcase> <!-- addGRS_Trophy -->
</testsuite> <!-- test.createsurvey.addGRS_Trophy -->
