<?xml version="1.0" encoding="UTF-8"?>
<!-- Generated by org.testng.reporters.JUnitReportReporter -->
<testsuite skipped="0" hostname="GLTPM-W085" name="utilities.readTestSheet" tests="2" failures="0" timestamp="22 Jan 2019 14:43:34 GMT" time="0.240" errors="0">
  <testcase name="getTestSheet" time="0.000" classname="utilities.readTestSheet"/>
  <testcase name="readTestMode" time="0.240" classname="utilities.readTestSheet"/>
</testsuite> <!-- utilities.readTestSheet -->
