<?xml version="1.0" encoding="UTF-8"?>
<!-- Generated by org.testng.reporters.JUnitReportReporter -->
<testsuite skipped="0" hostname="GLTPM-W085" name="test.createsurvey.logBug" tests="1" failures="0" timestamp="15 Dec 2018 13:23:04 GMT" time="35.649" errors="0">
  <testcase name="raiseBug" time="35.649" classname="test.createsurvey.logBug"/>
</testsuite> <!-- test.createsurvey.logBug -->
