<?xml version="1.0" encoding="UTF-8"?>
<!-- Generated by org.testng.reporters.JUnitReportReporter -->
<testsuite skipped="2" hostname="GLTPM-W085" name="test.createsurvey.addSlider_CT3" tests="2" failures="0" timestamp="21 Jan 2019 10:07:59 GMT" time="0.000" errors="0">
  <testcase name="clickSlider" time="0.000" classname="test.createsurvey.addSlider_CT3">
    <skipped/>
  </testcase> <!-- clickSlider -->
  <testcase name="addSlider" time="0.000" classname="test.createsurvey.addSlider_CT3">
    <skipped/>
  </testcase> <!-- addSlider -->
</testsuite> <!-- test.createsurvey.addSlider_CT3 -->
