<?xml version="1.0" encoding="UTF-8"?>
<!-- Generated by org.testng.reporters.JUnitReportReporter -->
<testsuite skipped="0" hostname="GLTPM-W085" name="test.createsurvey.T5addQuestionsTest" tests="1" failures="0" timestamp="07 Dec 2018 05:33:56 GMT" time="11.632" errors="0">
  <testcase name="addSingleChoiceQuestion" time="11.632" classname="test.createsurvey.T5addQuestionsTest"/>
</testsuite> <!-- test.createsurvey.T5addQuestionsTest -->
