<?xml version="1.0" encoding="UTF-8"?>
<!-- Generated by org.testng.reporters.JUnitReportReporter -->
<testsuite skipped="2" hostname="GLTPM-W085" name="test.createsurvey.addSingleChoice" tests="2" failures="0" timestamp="23 Jan 2019 14:15:34 GMT" time="0.000" errors="0">
  <testcase name="clickSingleChoice" time="0.000" classname="test.createsurvey.addSingleChoice">
    <skipped/>
  </testcase> <!-- clickSingleChoice -->
  <testcase name="addSingleChoice" time="0.000" classname="test.createsurvey.addSingleChoice">
    <skipped/>
  </testcase> <!-- addSingleChoice -->
</testsuite> <!-- test.createsurvey.addSingleChoice -->
