<?xml version="1.0" encoding="UTF-8"?>
<!-- Generated by org.testng.reporters.JUnitReportReporter -->
<testsuite skipped="0" hostname="GLTPM-W085" name="test.createsurvey.T2CreateSurveyTest" tests="1" failures="0" timestamp="07 Dec 2018 05:33:56 GMT" time="5.735" errors="0">
  <testcase name="clickOnCreateSurveyTab" time="5.735" classname="test.createsurvey.T2CreateSurveyTest"/>
</testsuite> <!-- test.createsurvey.T2CreateSurveyTest -->
