<?xml version="1.0" encoding="UTF-8"?>
<!-- Generated by org.testng.reporters.JUnitReportReporter -->
<testsuite skipped="2" hostname="GLTPM-W085" name="test.createsurvey.addGRS_Users" tests="2" failures="0" timestamp="21 Jan 2019 10:07:59 GMT" time="0.000" errors="0">
  <testcase name="addGRS_Users" time="0.000" classname="test.createsurvey.addGRS_Users">
    <skipped/>
  </testcase> <!-- addGRS_Users -->
  <testcase name="clickGRS_Users" time="0.000" classname="test.createsurvey.addGRS_Users">
    <skipped/>
  </testcase> <!-- clickGRS_Users -->
</testsuite> <!-- test.createsurvey.addGRS_Users -->
